DEBUG:djongo.database:New MongoClient connection
DEBUG:djongo.base:New Database connection
DEBUG:djongo.sql2mongo.query:sql_command: SELECT "django_migrations"."id", "django_migrations"."app", "django_migrations"."name", "django_migrations"."applied" FROM "django_migrations"
params: ()
DEBUG:djongo.sql2mongo.query:Find query: {'projection': ['id', 'app', 'name', 'applied']}
DEBUG:djongo.sql2mongo.query:Result: (1, 'contenttypes', '0001_initial', datetime.datetime(2022, 6, 8, 12, 2, 13, 569000))
DEBUG:djongo.sql2mongo.query:Result: (2, 'auth', '0001_initial', datetime.datetime(2022, 6, 8, 12, 2, 16, 808000))
DEBUG:djongo.sql2mongo.query:Result: (3, 'admin', '0001_initial', datetime.datetime(2022, 6, 8, 12, 2, 17, 409000))
DEBUG:djongo.sql2mongo.query:Result: (4, 'admin', '0002_logentry_remove_auto_add', datetime.datetime(2022, 6, 8, 12, 2, 17, 546000))
DEBUG:djongo.sql2mongo.query:Result: (5, 'admin', '0003_logentry_add_action_flag_choices', datetime.datetime(2022, 6, 8, 12, 2, 17, 677000))
DEBUG:djongo.sql2mongo.query:Result: (6, 'contenttypes', '0002_remove_content_type_name', datetime.datetime(2022, 6, 8, 12, 2, 17, 903000))
DEBUG:djongo.sql2mongo.query:Result: (7, 'auth', '0002_alter_permission_name_max_length', datetime.datetime(2022, 6, 8, 12, 2, 18, 46000))
DEBUG:djongo.sql2mongo.query:Result: (8, 'auth', '0003_alter_user_email_max_length', datetime.datetime(2022, 6, 8, 12, 2, 18, 179000))
DEBUG:djongo.sql2mongo.query:Result: (9, 'auth', '0004_alter_user_username_opts', datetime.datetime(2022, 6, 8, 12, 2, 18, 301000))
DEBUG:djongo.sql2mongo.query:Result: (10, 'auth', '0005_alter_user_last_login_null', datetime.datetime(2022, 6, 8, 12, 2, 18, 438000))
DEBUG:djongo.sql2mongo.query:Result: (11, 'auth', '0006_require_contenttypes_0002', datetime.datetime(2022, 6, 8, 12, 2, 18, 557000))
DEBUG:djongo.sql2mongo.query:Result: (12, 'auth', '0007_alter_validators_add_error_messages', datetime.datetime(2022, 6, 8, 12, 2, 18, 688000))
DEBUG:djongo.sql2mongo.query:Result: (13, 'auth', '0008_alter_user_username_max_length', datetime.datetime(2022, 6, 8, 12, 2, 18, 813000))
DEBUG:djongo.sql2mongo.query:Result: (14, 'auth', '0009_alter_user_last_name_max_length', datetime.datetime(2022, 6, 8, 12, 2, 18, 940000))
DEBUG:djongo.sql2mongo.query:Result: (15, 'auth', '0010_alter_group_name_max_length', datetime.datetime(2022, 6, 8, 12, 2, 19, 71000))
DEBUG:djongo.sql2mongo.query:Result: (16, 'auth', '0011_update_proxy_permissions', datetime.datetime(2022, 6, 8, 12, 2, 19, 211000))
DEBUG:djongo.sql2mongo.query:Result: (17, 'auth', '0012_alter_user_first_name_max_length', datetime.datetime(2022, 6, 8, 12, 2, 19, 334000))
DEBUG:djongo.sql2mongo.query:Result: (18, 'sessions', '0001_initial', datetime.datetime(2022, 6, 8, 12, 2, 19, 840000))
WARNING:django.request:Not Found: /
WARNING:django.request:Not Found: /favicon.ico
INFO:file_log:Test info log
ERROR:file_log:Test exception log
NoneType: None
DEBUG:urllib3.connectionpool:Starting new HTTPS connection (1): v2.convertapi.com:443
DEBUG:urllib3.connectionpool:https://v2.convertapi.com:443 "POST /convert/web/to/pdf?Secret=74Hq45X3sDqnIJcQ HTTP/1.1" 200 None
INFO:root:{'response': {'ConversionCost': 20, 'Files': [{'FileName': 'Report.pdf', 'FileExt': 'pdf', 'FileSize': 1019810, 'FileId': 'ihagpbuim5jzl65hsl4c7di1jcom5e3i', 'Url': 'https://v2.convertapi.com/d/ihagpbuim5jzl65hsl4c7di1jcom5e3i/Report.pdf'}]}}
DEBUG:asyncio:Using selector: EpollSelector
